<?xml version="1.0" encoding="UTF-8"?>
<!-- Generated by org.testng.reporters.JUnitXMLReporter -->
<testsuite hostname="BLRC02T82APG8WN.sea.corp.expecn.com" ignored="0" name="Default test" tests="2" failures="0" timestamp="20 Mar 2018 04:17:00 GMT" time="23.155" errors="0">
  <testcase name="openHomePage" time="22.835" classname="com.hotels.in.tests.hotelSearch"/>
  <testcase name="findMaximumPriceHotelsWithWiFi" time="0.028" classname="com.hotels.in.tests.hotelSearch"/>
</testsuite> <!-- Default test -->
