<?xml version="1.0" encoding="UTF-8"?>
<testng-results skipped="0" failed="0" ignored="0" total="2" passed="2">
  <reporter-output>
  </reporter-output>
  <suite name="Seach Hotels Test Suite" duration-ms="31007" started-at="2018-03-19T11:31:27Z" finished-at="2018-03-19T11:31:58Z">
    <groups>
    </groups>
    <test name="Search most expensive Hotels with Free Wifi" duration-ms="31007" started-at="2018-03-19T11:31:27Z" finished-at="2018-03-19T11:31:58Z">
      <class name="com.hotels.in.tests.hotelSearch">
        <test-method status="PASS" signature="beforeSuite()[pri:0, instance:com.hotels.in.tests.hotelSearch@575c3e9b]" name="beforeSuite" is-config="true" duration-ms="1337" started-at="2018-03-19T17:01:26Z" finished-at="2018-03-19T17:01:27Z">
          <reporter-output>
          </reporter-output>
        </test-method> <!-- beforeSuite -->
        <test-method status="PASS" signature="openHomePage()[pri:0, instance:com.hotels.in.tests.hotelSearch@575c3e9b]" name="openHomePage" duration-ms="14537" started-at="2018-03-19T17:01:27Z" finished-at="2018-03-19T17:01:42Z">
          <reporter-output>
          </reporter-output>
        </test-method> <!-- openHomePage -->
        <test-method status="PASS" signature="afterMethod(org.testng.ITestResult)[pri:0, instance:com.hotels.in.tests.hotelSearch@575c3e9b]" name="afterMethod" is-config="true" duration-ms="569" started-at="2018-03-19T17:01:42Z" finished-at="2018-03-19T17:01:42Z">
          <params>
            <param index="0">
              <value>
                <![CDATA[[TestResult name=openHomePage status=SUCCESS method=hotelSearch.openHomePage()[pri:0, instance:com.hotels.in.tests.hotelSearch@575c3e9b] output={null}]]]>
              </value>
            </param>
          </params>
          <reporter-output>
          </reporter-output>
        </test-method> <!-- afterMethod -->
        <test-method status="PASS" signature="findMaximumPriceHotelsWithWiFi()[pri:0, instance:com.hotels.in.tests.hotelSearch@575c3e9b]" name="findMaximumPriceHotelsWithWiFi" duration-ms="15378" started-at="2018-03-19T17:01:42Z" depends-on-methods="com.hotels.in.tests.hotelSearch.openHomePage" finished-at="2018-03-19T17:01:58Z">
          <reporter-output>
          </reporter-output>
        </test-method> <!-- findMaximumPriceHotelsWithWiFi -->
        <test-method status="PASS" signature="afterMethod(org.testng.ITestResult)[pri:0, instance:com.hotels.in.tests.hotelSearch@575c3e9b]" name="afterMethod" is-config="true" duration-ms="510" started-at="2018-03-19T17:01:58Z" finished-at="2018-03-19T17:01:58Z">
          <params>
            <param index="0">
              <value>
                <![CDATA[[TestResult name=findMaximumPriceHotelsWithWiFi status=SUCCESS method=hotelSearch.findMaximumPriceHotelsWithWiFi()[pri:0, instance:com.hotels.in.tests.hotelSearch@575c3e9b] output={null}]]]>
              </value>
            </param>
          </params>
          <reporter-output>
          </reporter-output>
        </test-method> <!-- afterMethod -->
        <test-method status="PASS" signature="closeBrowser()[pri:0, instance:com.hotels.in.tests.hotelSearch@575c3e9b]" name="closeBrowser" is-config="true" duration-ms="84" started-at="2018-03-19T17:01:58Z" finished-at="2018-03-19T17:01:58Z">
          <reporter-output>
          </reporter-output>
        </test-method> <!-- closeBrowser -->
      </class> <!-- com.hotels.in.tests.hotelSearch -->
    </test> <!-- Search most expensive Hotels with Free Wifi -->
  </suite> <!-- Seach Hotels Test Suite -->
</testng-results>
