<?xml version="1.0" encoding="UTF-8"?>
<!-- Generated by org.testng.reporters.JUnitXMLReporter -->
<testsuite hostname="BLRC02T82APG8WN.sea.corp.expecn.com" ignored="0" name="Search most expensive Hotels with Free Wifi" tests="2" failures="0" timestamp="19 Mar 2018 11:31:58 GMT" time="31.007" errors="0">
  <testcase name="openHomePage" time="14.537" classname="com.hotels.in.tests.hotelSearch"/>
  <testcase name="findMaximumPriceHotelsWithWiFi" time="15.378" classname="com.hotels.in.tests.hotelSearch"/>
</testsuite> <!-- Search most expensive Hotels with Free Wifi -->
